This file contains any messages produced by compilers while
running configure, to aid debugging if configure makes a mistake.

It was created by libmidisd configure 0.0.1, which was
generated by GNU Autoconf 2.68.  Invocation command line was

  $ ./configure 

## --------- ##
## Platform. ##
## --------- ##

hostname = sorahan-desktop
uname -m = x86_64
uname -r = 3.5.0-39-generic
uname -s = Linux
uname -v = #60~precise1-Ubuntu SMP Wed Aug 14 15:38:41 UTC 2013

/usr/bin/uname -p = unknown
/bin/uname -X     = unknown

/bin/arch              = unknown
/usr/bin/arch -k       = unknown
/usr/convex/getsysinfo = unknown
/usr/bin/hostinfo      = unknown
/bin/machine           = unknown
/usr/bin/oslevel       = unknown
/bin/universe          = unknown

PATH: /home/sorahan/golibs/bin
PATH: /home/sorahan/go/bin
PATH: /home/sorahan/mongodb-linux-x86_64-2.4.1/bin
PATH: /home/sorahan/bin
PATH: /usr/lib/lightdm/lightdm
PATH: /usr/local/sbin
PATH: /usr/local/bin
PATH: /usr/sbin
PATH: /usr/bin
PATH: /sbin
PATH: /bin
PATH: /usr/games


## ----------- ##
## Core tests. ##
## ----------- ##

configure:2215: checking for a BSD-compatible install
configure:2283: result: /usr/bin/install -c
configure:2294: checking whether build environment is sane
configure:2344: result: yes
configure:2485: checking for a thread-safe mkdir -p
configure:2524: result: /bin/mkdir -p
configure:2537: checking for gawk
configure:2553: found /usr/bin/gawk
configure:2564: result: gawk
configure:2575: checking whether make sets $(MAKE)
configure:2597: result: yes
configure:2728: checking for gcc
configure:2744: found /usr/bin/gcc
configure:2755: result: gcc
configure:2984: checking for C compiler version
configure:2993: gcc --version >&5
gcc (Ubuntu/Linaro 4.6.3-1ubuntu5) 4.6.3
Copyright (C) 2011 Free Software Foundation, Inc.
This is free software; see the source for copying conditions.  There is NO
warranty; not even for MERCHANTABILITY or FITNESS FOR A PARTICULAR PURPOSE.

configure:3004: $? = 0
configure:2993: gcc -v >&5
Using built-in specs.
COLLECT_GCC=gcc
COLLECT_LTO_WRAPPER=/usr/lib/gcc/x86_64-linux-gnu/4.6/lto-wrapper
Target: x86_64-linux-gnu
Configured with: ../src/configure -v --with-pkgversion='Ubuntu/Linaro 4.6.3-1ubuntu5' --with-bugurl=file:///usr/share/doc/gcc-4.6/README.Bugs --enable-languages=c,c++,fortran,objc,obj-c++ --prefix=/usr --program-suffix=-4.6 --enable-shared --enable-linker-build-id --with-system-zlib --libexecdir=/usr/lib --without-included-gettext --enable-threads=posix --with-gxx-include-dir=/usr/include/c++/4.6 --libdir=/usr/lib --enable-nls --with-sysroot=/ --enable-clocale=gnu --enable-libstdcxx-debug --enable-libstdcxx-time=yes --enable-gnu-unique-object --enable-plugin --enable-objc-gc --disable-werror --with-arch-32=i686 --with-tune=generic --enable-checking=release --build=x86_64-linux-gnu --host=x86_64-linux-gnu --target=x86_64-linux-gnu
Thread model: posix
gcc version 4.6.3 (Ubuntu/Linaro 4.6.3-1ubuntu5) 
configure:3004: $? = 0
configure:2993: gcc -V >&5
gcc: error: unrecognized option '-V'
gcc: fatal error: no input files
compilation terminated.
configure:3004: $? = 4
configure:2993: gcc -qversion >&5
gcc: error: unrecognized option '-qversion'
gcc: fatal error: no input files
compilation terminated.
configure:3004: $? = 4
configure:3024: checking whether the C compiler works
configure:3046: gcc    conftest.c  >&5
configure:3050: $? = 0
configure:3098: result: yes
configure:3101: checking for C compiler default output file name
configure:3103: result: a.out
configure:3109: checking for suffix of executables
configure:3116: gcc -o conftest    conftest.c  >&5
configure:3120: $? = 0
configure:3142: result: 
configure:3164: checking whether we are cross compiling
configure:3172: gcc -o conftest    conftest.c  >&5
configure:3176: $? = 0
configure:3183: ./conftest
configure:3187: $? = 0
configure:3202: result: no
configure:3207: checking for suffix of object files
configure:3229: gcc -c   conftest.c >&5
configure:3233: $? = 0
configure:3254: result: o
configure:3258: checking whether we are using the GNU C compiler
configure:3277: gcc -c   conftest.c >&5
configure:3277: $? = 0
configure:3286: result: yes
configure:3295: checking whether gcc accepts -g
configure:3315: gcc -c -g  conftest.c >&5
configure:3315: $? = 0
configure:3356: result: yes
configure:3373: checking for gcc option to accept ISO C89
configure:3437: gcc  -c -g -O2  conftest.c >&5
configure:3437: $? = 0
configure:3450: result: none needed
configure:3481: checking for style of include used by make
configure:3509: result: GNU
configure:3535: checking dependency style of gcc
configure:3646: result: gcc3
configure:3672: checking how to run the C preprocessor
configure:3703: gcc -E  conftest.c
configure:3703: $? = 0
configure:3717: gcc -E  conftest.c
conftest.c:11:28: fatal error: ac_nonexistent.h: No such file or directory
compilation terminated.
configure:3717: $? = 1
configure: failed program was:
| /* confdefs.h */
| #define PACKAGE_NAME "libmidisd"
| #define PACKAGE_TARNAME "libmidisd"
| #define PACKAGE_VERSION "0.0.1"
| #define PACKAGE_STRING "libmidisd 0.0.1"
| #define PACKAGE_BUGREPORT "bsorahan@gmail.com"
| #define PACKAGE_URL ""
| #define PACKAGE "libmidisd"
| #define VERSION "0.0.1"
| /* end confdefs.h.  */
| #include <ac_nonexistent.h>
configure:3742: result: gcc -E
configure:3762: gcc -E  conftest.c
configure:3762: $? = 0
configure:3776: gcc -E  conftest.c
conftest.c:11:28: fatal error: ac_nonexistent.h: No such file or directory
compilation terminated.
configure:3776: $? = 1
configure: failed program was:
| /* confdefs.h */
| #define PACKAGE_NAME "libmidisd"
| #define PACKAGE_TARNAME "libmidisd"
| #define PACKAGE_VERSION "0.0.1"
| #define PACKAGE_STRING "libmidisd 0.0.1"
| #define PACKAGE_BUGREPORT "bsorahan@gmail.com"
| #define PACKAGE_URL ""
| #define PACKAGE "libmidisd"
| #define VERSION "0.0.1"
| /* end confdefs.h.  */
| #include <ac_nonexistent.h>
configure:3805: checking for grep that handles long lines and -e
configure:3863: result: /bin/grep
configure:3868: checking for egrep
configure:3930: result: /bin/grep -E
configure:3935: checking for ANSI C header files
configure:3955: gcc -c -g -O2  conftest.c >&5
configure:3955: $? = 0
configure:4028: gcc -o conftest -g -O2   conftest.c  >&5
configure:4028: $? = 0
configure:4028: ./conftest
configure:4028: $? = 0
configure:4039: result: yes
configure:4052: checking for sys/types.h
configure:4052: gcc -c -g -O2  conftest.c >&5
configure:4052: $? = 0
configure:4052: result: yes
configure:4052: checking for sys/stat.h
configure:4052: gcc -c -g -O2  conftest.c >&5
configure:4052: $? = 0
configure:4052: result: yes
configure:4052: checking for stdlib.h
configure:4052: gcc -c -g -O2  conftest.c >&5
configure:4052: $? = 0
configure:4052: result: yes
configure:4052: checking for string.h
configure:4052: gcc -c -g -O2  conftest.c >&5
configure:4052: $? = 0
configure:4052: result: yes
configure:4052: checking for memory.h
configure:4052: gcc -c -g -O2  conftest.c >&5
configure:4052: $? = 0
configure:4052: result: yes
configure:4052: checking for strings.h
configure:4052: gcc -c -g -O2  conftest.c >&5
configure:4052: $? = 0
configure:4052: result: yes
configure:4052: checking for inttypes.h
configure:4052: gcc -c -g -O2  conftest.c >&5
configure:4052: $? = 0
configure:4052: result: yes
configure:4052: checking for stdint.h
configure:4052: gcc -c -g -O2  conftest.c >&5
configure:4052: $? = 0
configure:4052: result: yes
configure:4052: checking for unistd.h
configure:4052: gcc -c -g -O2  conftest.c >&5
configure:4052: $? = 0
configure:4052: result: yes
configure:4067: checking fcntl.h usability
configure:4067: gcc -c -g -O2  conftest.c >&5
configure:4067: $? = 0
configure:4067: result: yes
configure:4067: checking fcntl.h presence
configure:4067: gcc -E  conftest.c
configure:4067: $? = 0
configure:4067: result: yes
configure:4067: checking for fcntl.h
configure:4067: result: yes
configure:4067: checking for stdlib.h
configure:4067: result: yes
configure:4067: checking for string.h
configure:4067: result: yes
configure:4067: checking for strings.h
configure:4067: result: yes
configure:4067: checking for unistd.h
configure:4067: result: yes
configure:4079: checking for size_t
configure:4079: gcc -c -g -O2  conftest.c >&5
configure:4079: $? = 0
configure:4079: gcc -c -g -O2  conftest.c >&5
conftest.c: In function 'main':
conftest.c:62:21: error: expected expression before ')' token
configure:4079: $? = 1
configure: failed program was:
| /* confdefs.h */
| #define PACKAGE_NAME "libmidisd"
| #define PACKAGE_TARNAME "libmidisd"
| #define PACKAGE_VERSION "0.0.1"
| #define PACKAGE_STRING "libmidisd 0.0.1"
| #define PACKAGE_BUGREPORT "bsorahan@gmail.com"
| #define PACKAGE_URL ""
| #define PACKAGE "libmidisd"
| #define VERSION "0.0.1"
| #define STDC_HEADERS 1
| #define HAVE_SYS_TYPES_H 1
| #define HAVE_SYS_STAT_H 1
| #define HAVE_STDLIB_H 1
| #define HAVE_STRING_H 1
| #define HAVE_MEMORY_H 1
| #define HAVE_STRINGS_H 1
| #define HAVE_INTTYPES_H 1
| #define HAVE_STDINT_H 1
| #define HAVE_UNISTD_H 1
| #define HAVE_FCNTL_H 1
| #define HAVE_STDLIB_H 1
| #define HAVE_STRING_H 1
| #define HAVE_STRINGS_H 1
| #define HAVE_UNISTD_H 1
| /* end confdefs.h.  */
| #include <stdio.h>
| #ifdef HAVE_SYS_TYPES_H
| # include <sys/types.h>
| #endif
| #ifdef HAVE_SYS_STAT_H
| # include <sys/stat.h>
| #endif
| #ifdef STDC_HEADERS
| # include <stdlib.h>
| # include <stddef.h>
| #else
| # ifdef HAVE_STDLIB_H
| #  include <stdlib.h>
| # endif
| #endif
| #ifdef HAVE_STRING_H
| # if !defined STDC_HEADERS && defined HAVE_MEMORY_H
| #  include <memory.h>
| # endif
| # include <string.h>
| #endif
| #ifdef HAVE_STRINGS_H
| # include <strings.h>
| #endif
| #ifdef HAVE_INTTYPES_H
| # include <inttypes.h>
| #endif
| #ifdef HAVE_STDINT_H
| # include <stdint.h>
| #endif
| #ifdef HAVE_UNISTD_H
| # include <unistd.h>
| #endif
| int
| main ()
| {
| if (sizeof ((size_t)))
| 	    return 0;
|   ;
|   return 0;
| }
configure:4079: result: yes
configure:4090: checking for ssize_t
configure:4090: gcc -c -g -O2  conftest.c >&5
configure:4090: $? = 0
configure:4090: gcc -c -g -O2  conftest.c >&5
conftest.c: In function 'main':
conftest.c:62:22: error: expected expression before ')' token
configure:4090: $? = 1
configure: failed program was:
| /* confdefs.h */
| #define PACKAGE_NAME "libmidisd"
| #define PACKAGE_TARNAME "libmidisd"
| #define PACKAGE_VERSION "0.0.1"
| #define PACKAGE_STRING "libmidisd 0.0.1"
| #define PACKAGE_BUGREPORT "bsorahan@gmail.com"
| #define PACKAGE_URL ""
| #define PACKAGE "libmidisd"
| #define VERSION "0.0.1"
| #define STDC_HEADERS 1
| #define HAVE_SYS_TYPES_H 1
| #define HAVE_SYS_STAT_H 1
| #define HAVE_STDLIB_H 1
| #define HAVE_STRING_H 1
| #define HAVE_MEMORY_H 1
| #define HAVE_STRINGS_H 1
| #define HAVE_INTTYPES_H 1
| #define HAVE_STDINT_H 1
| #define HAVE_UNISTD_H 1
| #define HAVE_FCNTL_H 1
| #define HAVE_STDLIB_H 1
| #define HAVE_STRING_H 1
| #define HAVE_STRINGS_H 1
| #define HAVE_UNISTD_H 1
| /* end confdefs.h.  */
| #include <stdio.h>
| #ifdef HAVE_SYS_TYPES_H
| # include <sys/types.h>
| #endif
| #ifdef HAVE_SYS_STAT_H
| # include <sys/stat.h>
| #endif
| #ifdef STDC_HEADERS
| # include <stdlib.h>
| # include <stddef.h>
| #else
| # ifdef HAVE_STDLIB_H
| #  include <stdlib.h>
| # endif
| #endif
| #ifdef HAVE_STRING_H
| # if !defined STDC_HEADERS && defined HAVE_MEMORY_H
| #  include <memory.h>
| # endif
| # include <string.h>
| #endif
| #ifdef HAVE_STRINGS_H
| # include <strings.h>
| #endif
| #ifdef HAVE_INTTYPES_H
| # include <inttypes.h>
| #endif
| #ifdef HAVE_STDINT_H
| # include <stdint.h>
| #endif
| #ifdef HAVE_UNISTD_H
| # include <unistd.h>
| #endif
| int
| main ()
| {
| if (sizeof ((ssize_t)))
| 	    return 0;
|   ;
|   return 0;
| }
configure:4090: result: yes
configure:4105: checking for stdlib.h
configure:4105: result: yes
configure:4115: checking for GNU libc compatible malloc
configure:4139: gcc -o conftest -g -O2   conftest.c  >&5
configure:4139: $? = 0
configure:4139: ./conftest
configure:4139: $? = 0
configure:4149: result: yes
configure:4173: checking for strcasecmp
configure:4173: gcc -o conftest -g -O2   conftest.c  >&5
conftest.c:51:6: warning: conflicting types for built-in function 'strcasecmp' [enabled by default]
configure:4173: $? = 0
configure:4173: result: yes
configure:4173: checking for strdup
configure:4173: gcc -o conftest -g -O2   conftest.c  >&5
conftest.c:52:6: warning: conflicting types for built-in function 'strdup' [enabled by default]
configure:4173: $? = 0
configure:4173: result: yes
configure:4173: checking for strtoul
configure:4173: gcc -o conftest -g -O2   conftest.c  >&5
configure:4173: $? = 0
configure:4173: result: yes
configure:4351: creating ./config.status

## ---------------------- ##
## Running config.status. ##
## ---------------------- ##

This file was extended by libmidisd config.status 0.0.1, which was
generated by GNU Autoconf 2.68.  Invocation command line was

  CONFIG_FILES    = 
  CONFIG_HEADERS  = 
  CONFIG_LINKS    = 
  CONFIG_COMMANDS = 
  $ ./config.status 

on sorahan-desktop

config.status:787: creating Makefile
config.status:787: creating src/Makefile
config.status:959: executing depfiles commands

## ---------------- ##
## Cache variables. ##
## ---------------- ##

ac_cv_c_compiler_gnu=yes
ac_cv_env_CC_set=
ac_cv_env_CC_value=
ac_cv_env_CFLAGS_set=
ac_cv_env_CFLAGS_value=
ac_cv_env_CPPFLAGS_set=
ac_cv_env_CPPFLAGS_value=
ac_cv_env_CPP_set=
ac_cv_env_CPP_value=
ac_cv_env_LDFLAGS_set=
ac_cv_env_LDFLAGS_value=
ac_cv_env_LIBS_set=
ac_cv_env_LIBS_value=
ac_cv_env_build_alias_set=
ac_cv_env_build_alias_value=
ac_cv_env_host_alias_set=
ac_cv_env_host_alias_value=
ac_cv_env_target_alias_set=
ac_cv_env_target_alias_value=
ac_cv_func_malloc_0_nonnull=yes
ac_cv_func_strcasecmp=yes
ac_cv_func_strdup=yes
ac_cv_func_strtoul=yes
ac_cv_header_fcntl_h=yes
ac_cv_header_inttypes_h=yes
ac_cv_header_memory_h=yes
ac_cv_header_stdc=yes
ac_cv_header_stdint_h=yes
ac_cv_header_stdlib_h=yes
ac_cv_header_string_h=yes
ac_cv_header_strings_h=yes
ac_cv_header_sys_stat_h=yes
ac_cv_header_sys_types_h=yes
ac_cv_header_unistd_h=yes
ac_cv_objext=o
ac_cv_path_EGREP='/bin/grep -E'
ac_cv_path_GREP=/bin/grep
ac_cv_path_install='/usr/bin/install -c'
ac_cv_path_mkdir=/bin/mkdir
ac_cv_prog_AWK=gawk
ac_cv_prog_CPP='gcc -E'
ac_cv_prog_ac_ct_CC=gcc
ac_cv_prog_cc_c89=
ac_cv_prog_cc_g=yes
ac_cv_prog_make_make_set=yes
ac_cv_type_size_t=yes
ac_cv_type_ssize_t=yes
am_cv_CC_dependencies_compiler_type=gcc3

## ----------------- ##
## Output variables. ##
## ----------------- ##

ACLOCAL='${SHELL} /home/sorahan/libmidisd/missing --run aclocal-1.11'
AMDEPBACKSLASH='\'
AMDEP_FALSE='#'
AMDEP_TRUE=''
AMTAR='$${TAR-tar}'
AUTOCONF='${SHELL} /home/sorahan/libmidisd/missing --run autoconf'
AUTOHEADER='${SHELL} /home/sorahan/libmidisd/missing --run autoheader'
AUTOMAKE='${SHELL} /home/sorahan/libmidisd/missing --run automake-1.11'
AWK='gawk'
CC='gcc'
CCDEPMODE='depmode=gcc3'
CFLAGS='-g -O2'
CPP='gcc -E'
CPPFLAGS=''
CYGPATH_W='echo'
DEFS='-DPACKAGE_NAME=\"libmidisd\" -DPACKAGE_TARNAME=\"libmidisd\" -DPACKAGE_VERSION=\"0.0.1\" -DPACKAGE_STRING=\"libmidisd\ 0.0.1\" -DPACKAGE_BUGREPORT=\"bsorahan@gmail.com\" -DPACKAGE_URL=\"\" -DPACKAGE=\"libmidisd\" -DVERSION=\"0.0.1\" -DSTDC_HEADERS=1 -DHAVE_SYS_TYPES_H=1 -DHAVE_SYS_STAT_H=1 -DHAVE_STDLIB_H=1 -DHAVE_STRING_H=1 -DHAVE_MEMORY_H=1 -DHAVE_STRINGS_H=1 -DHAVE_INTTYPES_H=1 -DHAVE_STDINT_H=1 -DHAVE_UNISTD_H=1 -DHAVE_FCNTL_H=1 -DHAVE_STDLIB_H=1 -DHAVE_STRING_H=1 -DHAVE_STRINGS_H=1 -DHAVE_UNISTD_H=1 -DHAVE_STDLIB_H=1 -DHAVE_MALLOC=1 -DHAVE_STRCASECMP=1 -DHAVE_STRDUP=1 -DHAVE_STRTOUL=1'
DEPDIR='.deps'
ECHO_C=''
ECHO_N='-n'
ECHO_T=''
EGREP='/bin/grep -E'
EXEEXT=''
GREP='/bin/grep'
INSTALL_DATA='${INSTALL} -m 644'
INSTALL_PROGRAM='${INSTALL}'
INSTALL_SCRIPT='${INSTALL}'
INSTALL_STRIP_PROGRAM='$(install_sh) -c -s'
LDFLAGS=''
LIBOBJS=''
LIBS=''
LTLIBOBJS=''
MAKEINFO='${SHELL} /home/sorahan/libmidisd/missing --run makeinfo'
MKDIR_P='/bin/mkdir -p'
OBJEXT='o'
PACKAGE='libmidisd'
PACKAGE_BUGREPORT='bsorahan@gmail.com'
PACKAGE_NAME='libmidisd'
PACKAGE_STRING='libmidisd 0.0.1'
PACKAGE_TARNAME='libmidisd'
PACKAGE_URL=''
PACKAGE_VERSION='0.0.1'
PATH_SEPARATOR=':'
SET_MAKE=''
SHELL='/bin/bash'
STRIP=''
VERSION='0.0.1'
ac_ct_CC='gcc'
am__EXEEXT_FALSE=''
am__EXEEXT_TRUE='#'
am__fastdepCC_FALSE='#'
am__fastdepCC_TRUE=''
am__include='include'
am__isrc=''
am__leading_dot='.'
am__nodep='_no'
am__quote=''
am__tar='$${TAR-tar} chof - "$$tardir"'
am__untar='$${TAR-tar} xf -'
bindir='${exec_prefix}/bin'
build_alias=''
datadir='${datarootdir}'
datarootdir='${prefix}/share'
docdir='${datarootdir}/doc/${PACKAGE_TARNAME}'
dvidir='${docdir}'
exec_prefix='${prefix}'
host_alias=''
htmldir='${docdir}'
includedir='${prefix}/include'
infodir='${datarootdir}/info'
install_sh='${SHELL} /home/sorahan/libmidisd/install-sh'
libdir='${exec_prefix}/lib'
libexecdir='${exec_prefix}/libexec'
localedir='${datarootdir}/locale'
localstatedir='${prefix}/var'
mandir='${datarootdir}/man'
mkdir_p='/bin/mkdir -p'
oldincludedir='/usr/include'
pdfdir='${docdir}'
prefix='/usr/local'
program_transform_name='s,x,x,'
psdir='${docdir}'
sbindir='${exec_prefix}/sbin'
sharedstatedir='${prefix}/com'
sysconfdir='${prefix}/etc'
target_alias=''

## ----------- ##
## confdefs.h. ##
## ----------- ##

/* confdefs.h */
#define PACKAGE_NAME "libmidisd"
#define PACKAGE_TARNAME "libmidisd"
#define PACKAGE_VERSION "0.0.1"
#define PACKAGE_STRING "libmidisd 0.0.1"
#define PACKAGE_BUGREPORT "bsorahan@gmail.com"
#define PACKAGE_URL ""
#define PACKAGE "libmidisd"
#define VERSION "0.0.1"
#define STDC_HEADERS 1
#define HAVE_SYS_TYPES_H 1
#define HAVE_SYS_STAT_H 1
#define HAVE_STDLIB_H 1
#define HAVE_STRING_H 1
#define HAVE_MEMORY_H 1
#define HAVE_STRINGS_H 1
#define HAVE_INTTYPES_H 1
#define HAVE_STDINT_H 1
#define HAVE_UNISTD_H 1
#define HAVE_FCNTL_H 1
#define HAVE_STDLIB_H 1
#define HAVE_STRING_H 1
#define HAVE_STRINGS_H 1
#define HAVE_UNISTD_H 1
#define HAVE_STDLIB_H 1
#define HAVE_MALLOC 1
#define HAVE_STRCASECMP 1
#define HAVE_STRDUP 1
#define HAVE_STRTOUL 1

configure: exit 0

## ---------------------- ##
## Running config.status. ##
## ---------------------- ##

This file was extended by libmidisd config.status 0.0.1, which was
generated by GNU Autoconf 2.68.  Invocation command line was

  CONFIG_FILES    = 
  CONFIG_HEADERS  = 
  CONFIG_LINKS    = 
  CONFIG_COMMANDS = 
  $ ./config.status src/Makefile depfiles

on sorahan-desktop

config.status:787: creating src/Makefile
config.status:959: executing depfiles commands
